<?xml version="1.0" encoding="utf-8"?><testsuites><testsuite name="pytest" errors="0" failures="0" skipped="0" tests="33" time="0.682" timestamp="2025-06-02T12:45:43.141270+09:00" hostname="osakatatsuhikonoMac-mini.local"><testcase classname="tests.test_schemas.TestLengthMismatchError" name="test_custom_exception" time="0.001" /><testcase classname="tests.test_schemas.TestArticleBase" name="test_valid_article_creation" time="0.000" /><testcase classname="tests.test_schemas.TestArticleBase" name="test_required_fields" time="0.001" /><testcase classname="tests.test_schemas.TestArticleBase" name="test_title_max_length_validation" time="0.001" /><testcase classname="tests.test_schemas.TestArticleBase" name="test_body_max_length_validation" time="0.000" /><testcase classname="tests.test_schemas.TestArticleBase" name="test_body_html_conversion" time="0.016" /><testcase classname="tests.test_schemas.TestArticleBase" name="test_optional_fields" time="0.000" /><testcase classname="tests.test_schemas.TestArticle" name="test_article_inheritance" time="0.000" /><testcase classname="tests.test_schemas.TestUser" name="test_valid_user_creation" time="0.006" /><testcase classname="tests.test_schemas.TestUser" name="test_email_validation" time="0.002" /><testcase classname="tests.test_schemas.TestUser" name="test_email_max_length" time="0.001" /><testcase classname="tests.test_schemas.TestUser" name="test_password_max_length" time="0.000" /><testcase classname="tests.test_schemas.TestUser" name="test_optional_fields" time="0.000" /><testcase classname="tests.test_schemas.TestShowUser" name="test_show_user_with_blogs" time="0.000" /><testcase classname="tests.test_schemas.TestShowArticle" name="test_show_article_with_body_html" time="0.001" /><testcase classname="tests.test_schemas.TestShowArticle" name="test_body_html_with_none_body" time="0.000" /><testcase classname="tests.test_schemas.TestLogin" name="test_valid_login" time="0.002" /><testcase classname="tests.test_schemas.TestLogin" name="test_login_email_validation" time="0.001" /><testcase classname="tests.test_schemas.TestLogin" name="test_password_max_length" time="0.001" /><testcase classname="tests.test_schemas.TestPasswordChange" name="test_valid_password_change" time="0.000" /><testcase classname="tests.test_schemas.TestPasswordChange" name="test_username_email_validation" time="0.001" /><testcase classname="tests.test_schemas.TestPasswordChange" name="test_new_password_min_length" time="0.001" /><testcase classname="tests.test_schemas.TestPasswordChange" name="test_required_fields" time="0.000" /><testcase classname="tests.test_schemas.TestToken" name="test_token_creation" time="0.000" /><testcase classname="tests.test_schemas.TestTokenData" name="test_token_data_with_email" time="0.000" /><testcase classname="tests.test_schemas.TestTokenData" name="test_token_data_without_email" time="0.000" /><testcase classname="tests.test_schemas.TestPublicArticle" name="test_public_article_creation" time="0.000" /><testcase classname="tests.test_schemas.TestPublicArticle" name="test_required_fields" time="0.001" /><testcase classname="tests.test_schemas.TestAccountDeletionRequest" name="test_valid_deletion_request" time="0.001" /><testcase classname="tests.test_schemas.TestAccountDeletionRequest" name="test_email_validation_for_deletion" time="0.000" /><testcase classname="tests.test_schemas.TestAccountDeletionRequest" name="test_password_min_length" time="0.001" /><testcase classname="tests.test_schemas.TestAccountDeletionRequest" name="test_validate_passwords_match_success" time="0.000" /><testcase classname="tests.test_schemas.TestAccountDeletionRequest" name="test_validate_passwords_match_failure" time="0.001" /></testsuite></testsuites>